make.exe all --print-data-base --no-builtin-variables --no-builtin-rules --question
make: *** No rule to make target 'all'.  Stop.
 
# GNU Make 4.3
# Built for x86_64-pc-msys
# Copyright (C) 1988-2020 Free Software Foundation, Inc.
# License GPLv3+: GNU GPL version 3 or later <http://gnu.org/licenses/gpl.html>
# This is free software: you are free to change and redistribute it.
# There is NO WARRANTY, to the extent permitted by law.
 

# Make data base, printed on Fri Nov 12 21:43:11 2021

# Variables

# environment
SYSTEMDRIVE = C:
# environment
JAVA_HOME = C:\Program Files\Microsoft\jdk-17.0.0.35-hotspot\
# environment
LC_ALL = C
# environment
 
USERPROFILE = C:\Users\everything411
# environment
LOCALAPPDATA = C:\Users\everything411\AppData\Local
# environment
VSCODE_IPC_HOOK_EXTHOST = \\.\pipe\vscode-ipc-b5caae71-6895-42e0-9659-2e5ed667d015-sock
# environment
VSCODE_CWD = C:\Users\everything411\AppData\Local\Programs\Microsoft VS Code
# environment
SYSTEMROOT = C:\WINDOWS
# environment
PROCESSOR_LEVEL = 6
# environment
PSMODULEPATH = C:\Program Files\WindowsPowerShell\Modules;C:\WINDOWS\system32\WindowsPowerShell\v1.0\Modules
# default
MAKE_COMMAND := make
# environment
GOPATH = C:\Users\everything411\go
# automatic
@D = $(patsubst %/,%,$(dir $@))
# environment
CHROME_CRASHPAD_PIPE_NAME = \\.\pipe\crashpad_6948_QJBWIBQYAUFKBJKB
# environment
VSCODE_HANDLES_UNCAUGHT_ERRORS = true
# default
.VARIABLES := 
# automatic
%D = $(patsubst %/,%,$(dir $%))
# automatic
^D = $(patsubst %/,%,$(dir $^))
# environment
VSCODE_LOG_STACK = false
# automatic
%F = $(notdir $%)
# environment
VSCODE_CODE_CACHE_PATH = C:\Users\everything411\AppData\Roaming\Code\CachedData\3a6960b964327f0e3882ce18fcebd07ed191b316
# environment
LANG = C
# default
.LOADED := 
# environment
TMP = /c/Users/EVERYT~1/AppData/Local/Temp
# default
.INCLUDE_DIRS = /usr/include /usr/include
# makefile
MAKEFLAGS = pqrR
# environment
ONEDRIVE = C:\Users\everything411\OneDrive
# environment
POWERSHELL_DISTRIBUTION_CHANNEL = MSI:Windows 10 Pro for Workstations
# makefile
CURDIR := /d/Documents/http
# environment
VSCODE_PIPE_LOGGING = true
# environment
APPLICATION_INSIGHTS_NO_DIAGNOSTIC_CHANNEL = true
# automatic
*D = $(patsubst %/,%,$(dir $*))
# makefile (from 'Makefile', line 3)
CXXSOURCE = $(wildcard *.cc)
# environment
PROGRAMFILES = C:\Program Files
# environment
MFLAGS = -pqrR
# default
.SHELLFLAGS := -c
# environment
COMMONPROGRAMW6432 = C:\Program Files\Common Files
# automatic
+D = $(patsubst %/,%,$(dir $+))
# makefile (from 'Makefile', line 1)
MAKEFILE_LIST := Makefile
# automatic
@F = $(notdir $@)
# environment
VSCODE_VERBOSE_LOGGING = true
# environment
VSCODE_PID = 6948
# automatic
?D = $(patsubst %/,%,$(dir $?))
# automatic
*F = $(notdir $*)
# automatic
<D = $(patsubst %/,%,$(dir $<))
# environment
VSCODE_NLS_CONFIG = {"locale":"zh-cn","availableLanguages":{"*":"zh-cn"},"_languagePackId":"6d1f187483a1f5610e666c4a6e996ddc.zh-cn","_translationsConfigFile":"C:\\Users\\everything411\\AppData\\Roaming\\Code\\clp\\6d1f187483a1f5610e666c4a6e996ddc.zh-cn\\tcf.json","_cacheRoot":"C:\\Users\\everything411\\AppData\\Roaming\\Code\\clp\\6d1f187483a1f5610e666c4a6e996ddc.zh-cn","_resolvedLanguagePackCoreLocation":"C:\\Users\\everything411\\AppData\\Roaming\\Code\\clp\\6d1f187483a1f5610e666c4a6e996ddc.zh-cn\\3a6960b964327f0e3882ce18fcebd07ed191b316","_corruptedFile":"C:\\Users\\everything411\\AppData\\Roaming\\Code\\clp\\6d1f187483a1f5610e666c4a6e996ddc.zh-cn\\corrupted.info","_languagePackSupport":true}
# environment
ONEDRIVECONSUMER = C:\Users\everything411\OneDrive
# default
MAKE_HOST := x86_64-pc-msys
# environment
PROGRAMDATA = C:\ProgramData
# default
SHELL := /bin/sh
# environment
HOMEPATH = \Users\everything411
# default
MAKECMDGOALS := all
# environment
DRIVERDATA = C:\Windows\System32\Drivers\DriverData
# environment
COMSPEC = C:\WINDOWS\system32\cmd.exe
# environment
WINDIR = C:\WINDOWS
# environment
MAKELEVEL := 0
# makefile (from 'Makefile', line 4)
CXXTARGETS = $(patsubst %.cc, %.o, $(CXXSOURCE))
# default
MAKE = $(MAKE_COMMAND)
# environment
PATH = /c/Windows/system32:/c/Windows:/c/Windows/System32/Wbem:/c/Windows/System32/WindowsPowerShell/v1.0:/c/Windows/System32/OpenSSH:/ucrt64/bin:/clang64/bin:/usr/bin:/c/Program Files/Microsoft/jdk-17.0.0.35-hotspot/bin:/c/Program Files (x86)/NVIDIA Corporation/PhysX/Common:/c/Program Files (x86)/Yarn/bin:/c/Program Files/nodejs:/c/Program Files (x86)/Groovy/bin:/c/Program Files/Go/bin:/c/Program Files/Git/cmd:/c/Program Files/dotnet:/c/Program Files/PowerShell/7:/c/Users/everything411/AppData/Local/Microsoft/WindowsApps:/c/Users/everything411/AppData/Local/Programs/Microsoft VS Code/bin:/c/llvm-mingw/bin:/c/Users/everything411/.cargo/bin:/c/Users/everything411/AppData/Local/Programs/MiKTeX/miktex/bin/x64:/c/Users/everything411/go/bin:/c/Users/everything411/.dotnet/tools:/c/Users/everything411/bin/platform-tools:/c/Users/everything411/AppData/Local/Yarn/bin:/c/Users/everything411/bin/waifu2x-ncnn-vulkan:/d/bin/tcc:/d/bin/php:/d/bin/vcpkg:/d/bin/gsudo:/c/Program Files (x86)/Nmap:/c/Users/everything411/bin/ffmpeg/bin:/c/Users/everything411/.dotnet/tools
# environment
ZES_ENABLE_SYSMAN = 1
# environment
COMPUTERNAME = DESKTOP-6IOG41U
# default
MAKEFILES := 
# automatic
^F = $(notdir $^)
# environment
PROMPT = $P$G
# environment
LOGONSERVER = \\DESKTOP-6IOG41U
# environment
VSCODE_LOG_NATIVE = false
# environment
USERNAME = everything411
# environment
COMMONPROGRAMFILES = C:\Program Files\Common Files
# automatic
?F = $(notdir $?)
# environment
PROGRAMW6432 = C:\Program Files
# environment
PATHEXT = .COM;.EXE;.BAT;.CMD;.VBS;.VBE;.JS;.JSE;.WSF;.WSH;.MSC
# automatic
+F = $(notdir $+)
# environment
ORIGINAL_XDG_CURRENT_DESKTOP = undefined
# environment
USERDOMAIN = DESKTOP-6IOG41U
# 'override' directive
GNUMAKEFLAGS := 
# environment
OS = Windows_NT
# makefile
 
.DEFAULT_GOAL := server
# default
MAKE_VERSION := 4.3
# environment
PROGRAMFILES(X86) = C:\Program Files (x86)
# makefile (from 'Makefile', line 10)
LDFLAGS = -s -lpthread
# environment
!D: = d:\Documents\http
# environment
USERDOMAIN_ROAMINGPROFILE = DESKTOP-6IOG41U
# environment
NUMBER_OF_PROCESSORS = 8
# environment
PUBLIC = C:\Users\Public
# makefile (from 'Makefile', line 2)
CTARGETS = $(patsubst %.c, %.o, $(CSOURCE))
# environment
APPDATA = C:\Users\everything411\AppData\Roaming
# makefile (from 'Makefile', line 8)
CFLAGS = -Wall -O2
# environment
HOMEDRIVE = C:
# makefile (from 'Makefile', line 1)
CSOURCE = $(wildcard *.c)
# environment
PROCESSOR_ARCHITECTURE = AMD64
# environment
VSCODE_AMD_ENTRYPOINT = vs/workbench/services/extensions/node/extensionHostProcess
# environment
HOME = /home/everything411
# environment
COMMONPROGRAMFILES(X86) = C:\Program Files (x86)\Common Files
# environment
ELECTRON_RUN_AS_NODE = 1
# environment
TEMP = /c/Users/EVERYT~1/AppData/Local/Temp
# environment
VSCODE_IPC_HOOK = \\.\pipe\2d2e43809d6ab09836712ea989f9459d-1.62.2-main-sock
# environment
TERM = xterm-256color
# default
.RECIPEPREFIX := 
# automatic
<F = $(notdir $<)
# default
SUFFIXES := 
# environment
ALLUSERSPROFILE = C:\ProgramData
# environment
SESSIONNAME = Console
# makefile (from 'Makefile', line 9)
CXXFLAGS = -Wall -O2
# default
.FEATURES := target-specific order-only second-expansion else-if shortest-stem undefine oneshell nocomment grouped-target extra-prereqs archives jobserver output-sync check-symlink load
# environment
PROCESSOR_REVISION = 9e0a
# makefile (from 'Makefile', line 7)
CXX = g++
# makefile (from 'Makefile', line 6)
CC = gcc
# environment
PROCESSOR_IDENTIFIER = Intel64 Family 6 Model 158 Stepping 10, GenuineIntel
# variable set hash-table stats:
# Load=108/1024=11%, Rehash=0, Collisions=11/143=8%

# Pattern-specific Variable Values

# No pattern-specific variable values.

# Directories

# . (device 347442433, inode 3096224743865298): 16 files, no impossibilities.

# 16 files, no impossibilities in 1 directories.

# Implicit Rules

# No implicit rules.

# Files

# Not a target:
cgi.c:
#  Implicit rule search has not been done.
#  Modification time never checked.
#  File has not been updated.

cgi.o: cgi.c
#  Implicit rule search has not been done.
#  Implicit/static pattern stem: 'cgi'
#  Modification time never checked.
#  File has not been updated.
#  recipe to execute (from 'Makefile', line 28):
	$(CC) $(CFLAGS) -c $< -o $@

# Not a target:
Makefile:
#  Implicit rule search has been done.
#  Last modified 2021-11-02 21:30:38.522729
#  File has been updated.
#  Successfully updated.

clean:
#  Implicit rule search has not been done.
#  Modification time never checked.
#  File has not been updated.
#  recipe to execute (from 'Makefile', line 34):
	rm $(CTARGETS) $(CXXTARGETS) server

 
# Not a target:
controller.cc:
#  Implicit rule search has not been done.
#  Modification time never checked.
#  File has not been updated.

server: cgi.o main.o visitor.o controller.o handle.o http_response.o log.o
#  Implicit rule search has not been done.
#  Modification time never checked.
#  File has not been updated.
#  recipe to execute (from 'Makefile', line 25):
	$(CXX) $(CFLAGS) $(CTARGETS) $(CXXTARGETS) -o server $(LDFLAGS)

# Not a target:
http_response.cc:
#  Implicit rule search has not been done.
#  Modification time never checked.
#  File has not been updated.

# Not a target:
log.cc:
#  Implicit rule search has not been done.
#  Modification time never checked.
#  File has not been updated.

# Not a target:
visitor.c:
#  Implicit rule search has not been done.
#  Modification time never checked.
#  File has not been updated.

# Not a target:
.DEFAULT:
#  Implicit rule search has not been done.
#  Modification time never checked.
#  File has not been updated.

# Not a target:
all:
#  Command line target.
#  Implicit rule search has been done.
#  File does not exist.
#  File has not been updated.

# Not a target:
main.c:
#  Implicit rule search has not been done.
#  Modification time never checked.
#  File has not been updated.

handle.o: handle.cc
#  Implicit rule search has not been done.
#  Implicit/static pattern stem: 'handle'
#  Modification time never checked.
#  File has not been updated.
#  recipe to execute (from 'Makefile', line 31):
	$(CXX) $(CXXFLAGS) -c $< -o $@

main.o: main.c
#  Implicit rule search has not been done.
#  Implicit/static pattern stem: 'main'
#  Modification time never checked.
#  File has not been updated.
#  recipe to execute (from 'Makefile', line 28):
	$(CC) $(CFLAGS) -c $< -o $@

# Not a target:
handle.cc:
#  Implicit rule search has not been done.
#  Modification time never checked.
#  File has not been updated.

log.o: log.cc
#  Implicit rule search has not been done.
#  Implicit/static pattern stem: 'log'
#  Modification time never checked.
#  File has not been updated.
#  recipe to execute (from 'Makefile', line 31):
	$(CXX) $(CXXFLAGS) -c $< -o $@

visitor.o: visitor.c
#  Implicit rule search has not been done.
#  Implicit/static pattern stem: 'visitor'
#  Modification time never checked.
#  File has not been updated.
#  recipe to execute (from 'Makefile', line 28):
	$(CC) $(CFLAGS) -c $< -o $@

controller.o: controller.cc
#  Implicit rule search has not been done.
#  Implicit/static pattern stem: 'controller'
#  Modification time never checked.
#  File has not been updated.
#  recipe to execute (from 'Makefile', line 31):
	$(CXX) $(CXXFLAGS) -c $< -o $@

http_response.o: http_response.cc
#  Implicit rule search has not been done.
#  Implicit/static pattern stem: 'http_response'
#  Modification time never checked.
#  File has not been updated.
#  recipe to execute (from 'Makefile', line 31):
	$(CXX) $(CXXFLAGS) -c $< -o $@

# files hash-table stats:
# Load=20/1024=2%, Rehash=0, Collisions=0/51=0%
# VPATH Search Paths

# No 'vpath' search paths.

# No general ('VPATH' variable) search path.

# strcache buffers: 1 (0) / strings = 39 / storage = 325 B / avg = 8 B
# current buf: size = 8162 B / used = 325 B / count = 39 / avg = 8 B

# strcache performance: lookups = 67 / hit rate = 41%
# hash-table stats:
 
# Load=39/8192=0%, Rehash=0, Collisions=0/67=0%
# Finished Make data base on Fri Nov 12 21:43:11 2021

 
